<?xml version="1.0" encoding="UTF-8"?>
<!-- Generated by org.testng.reporters.JUnitReportReporter -->
<testsuite hostname="kbasveshwar" failures="0" tests="1" name="com.omayo.testcases.VerifyHomePage" time="4.829" errors="0" timestamp="2023-06-11T15:17:19 IST" skipped="0">
  <testcase classname="com.omayo.testcases.VerifyHomePage" name="verifyUserAbleToSelectOptionsFromDropdown" time="4.829"/>
  <system-out/>
</testsuite> <!-- com.omayo.testcases.VerifyHomePage -->
