<?xml version="1.0" encoding="UTF-8"?>
<!-- Generated by org.testng.reporters.JUnitReportReporter -->
<testsuite hostname="kbasveshwar" failures="0" tests="1" name="com.omayo.testcases.VerifyUserNavigateToCreateBlogPage" time="13.502" errors="0" timestamp="2023-06-08T17:53:41 IST" skipped="0">
  <testcase classname="com.omayo.testcases.VerifyUserNavigateToCreateBlogPage" name="verifyUserAbleToSelectOptionsFromDropdown" time="13.502"/>
  <system-out/>
</testsuite> <!-- com.omayo.testcases.VerifyUserNavigateToCreateBlogPage -->
